<?xml version="1.0" encoding="UTF-8"?>
<!-- Generated by org.testng.reporters.JUnitXMLReporter -->
<testsuite ignored="11" hostname="appus-HP-Pavilion-g6-Notebook-PC" failures="0" tests="9" name="Default test" time="360.675" errors="0" timestamp="08 Jun 2021 10:48:18 GMT">
  <testcase classname="com.simplogics.testcases.Invalid_Login" name="InvalidLogin" time="11.362"/>
  <testcase classname="com.simplogics.testcases.Loginpage" name="loginpage" time="25.606"/>
  <testcase classname="com.simplogics.testcases.Purchasemanagement_Menu" name="Purchasemanagement_menu" time="5.686"/>
  <testcase classname="com.simplogics.testcases.CreateJewllery_Invoice" name="Createjewllery_Invoice" time="72.488"/>
  <testcase classname="com.simplogics.testcases.InvoiceJewllery_Edit" name="Invoicejewllery_Edit" time="12.749"/>
  <testcase classname="com.simplogics.testcases.InvoiceJwellery_CheckboxDisable" name="Invoicejwellery_CheckboxDisable" time="60.907"/>
  <testcase classname="com.simplogics.testcases.Verifycontents_Editpage" name="VerifyContents_Editpage" time="26.647"/>
  <testcase classname="com.simplogics.testcases.Verifycheckbox_conditions" name="VerifyCheckbox_conditions" time="54.888"/>
  <testcase classname="com.simplogics.testcases.InvoiceJwellery_Negative" name="Invoicejwellery_Negative" time="60.515"/>
  <testcase classname="com.simplogics.base.BaseData" name="@AfterTest Emailsend" time="0.0">
    <ignored/>
  </testcase> <!-- @AfterTest Emailsend -->
  <testcase classname="com.simplogics.base.BaseData" name="@AfterTest Emailsend" time="0.0">
    <ignored/>
  </testcase> <!-- @AfterTest Emailsend -->
  <testcase classname="com.simplogics.base.BaseData" name="@AfterTest Emailsend" time="0.0">
    <ignored/>
  </testcase> <!-- @AfterTest Emailsend -->
  <testcase classname="com.simplogics.base.BaseData" name="@AfterTest Emailsend" time="0.0">
    <ignored/>
  </testcase> <!-- @AfterTest Emailsend -->
  <testcase classname="com.simplogics.base.BaseData" name="@AfterTest Emailsend" time="0.0">
    <ignored/>
  </testcase> <!-- @AfterTest Emailsend -->
  <testcase classname="com.simplogics.base.BaseData" name="@AfterTest Emailsend" time="0.0">
    <ignored/>
  </testcase> <!-- @AfterTest Emailsend -->
  <testcase classname="com.simplogics.base.BaseData" name="@AfterTest Emailsend" time="0.0">
    <ignored/>
  </testcase> <!-- @AfterTest Emailsend -->
  <testcase classname="com.simplogics.base.BaseData" name="@AfterTest Emailsend" time="0.0">
    <ignored/>
  </testcase> <!-- @AfterTest Emailsend -->
  <testcase classname="com.simplogics.base.BaseData" name="@AfterTest Emailsend" time="0.0">
    <ignored/>
  </testcase> <!-- @AfterTest Emailsend -->
  <testcase classname="com.simplogics.base.BaseData" name="@AfterTest Emailsend" time="0.0">
    <ignored/>
  </testcase> <!-- @AfterTest Emailsend -->
  <testcase classname="com.simplogics.base.BaseData" name="@AfterTest Emailsend" time="0.0">
    <ignored/>
  </testcase> <!-- @AfterTest Emailsend -->
</testsuite> <!-- Default test -->
